2019-03-12 12:04:25,062 [NonParallelWorker] INFO NUnitAutomationFramework.TestsSetupClass - ALLURE_CONFIG_ENV_VARIABLE Environment Variable Set to: D:\Work\Projects\NUnitAutomationFramework\NUnitAutomationFramework\bin\Debug
2019-03-12 12:04:25,436 [NonParallelWorker] INFO NUnitAutomationFramework.TestsSetupClass - {
  "allure": {
    "directory": "allure-results",
    "links": [
      "{link}",
      "https://testrail.com/browse/{tms}",
      "https://jira.com/browse/{issue}"
    ]
  },
  "specflow": {
    "stepArguments": {
      "convertToParameters": "true",
      "paramNameRegex": "",
      "paramValueRegex": ""
    },
    "grouping": {
      "suites": {
        "parentSuite": "^parentSuite:?(.+)",
        "suite": "^suite:?(.+)",
        "subSuite": "^subSuite:?(.+)"
      },
      "behaviors": {
        "epic": "^epic:?(.+)",
        "story": "^story:(.+)"
      }
    },
    "labels": {
      "owner": "^author:?(.+)",
      "severity": "^(normal|blocker|critical|minor|trivial)"
    },
    "links": {
      "tms": "^story:(.+)",
      "issue": "^issue:(.+)",
      "link": "^link:(.+)"
    }
  }
}
2019-03-12 12:04:25,525 [ParallelWorker#2] INFO NUnitAutomationFramework.Framework.IO.FileAndFolder - Base Director: D:\Work\Projects\NUnitAutomationFramework\NUnitAutomationFramework\bin\Debug
2019-03-12 12:04:25,526 [ParallelWorker#2] INFO NUnitAutomationFramework.Framework.Configuration.ConfigurationReader - NUnitAutomationFramework.Framework.Configuration.ConfigurationReader Dir= D:\Work\Projects\NUnitAutomationFramework\NUnitAutomationFramework\bin\Debug
2019-03-12 12:04:25,526 [ParallelWorker#2] INFO NUnitAutomationFramework.Framework.IO.FileAndFolder - Base Director: D:\Work\Projects\NUnitAutomationFramework\NUnitAutomationFramework\bin\Debug
2019-03-12 12:04:25,531 [ParallelWorker#2] INFO NUnitAutomationFramework.Framework.IO.FileAndFolder - Base Director: D:\Work\Projects\NUnitAutomationFramework\NUnitAutomationFramework\bin\Debug
2019-03-12 12:04:25,532 [ParallelWorker#2] INFO NUnitAutomationFramework.Framework.IO.FileAndFolder - Source File: D:\Work\Projects\NUnitAutomationFramework\NUnitAutomationFramework\DevTests\Resources\DevLocators.xlsx
2019-03-12 12:04:25,533 [ParallelWorker#2] INFO NUnitAutomationFramework.Framework.IO.FileAndFolder - Destination File: D:\Work\Projects\NUnitAutomationFramework\NUnitAutomationFramework\bin\Debug\Resources\Resources\HomePageLocator\DevLocators.xlsx
2019-03-12 12:04:25,534 [ParallelWorker#2] INFO NUnitAutomationFramework.Framework.IO.FileAndFolder - File copied from source to destination
2019-03-12 12:05:25,027 [NonParallelWorker] INFO NUnitAutomationFramework.TestsSetupClass - ALLURE_CONFIG_ENV_VARIABLE Environment Variable Set to: D:\Work\Projects\NUnitAutomationFramework\NUnitAutomationFramework\bin\Debug
2019-03-12 12:05:25,386 [NonParallelWorker] INFO NUnitAutomationFramework.TestsSetupClass - {
  "allure": {
    "directory": "allure-results",
    "links": [
      "{link}",
      "https://testrail.com/browse/{tms}",
      "https://jira.com/browse/{issue}"
    ]
  },
  "specflow": {
    "stepArguments": {
      "convertToParameters": "true",
      "paramNameRegex": "",
      "paramValueRegex": ""
    },
    "grouping": {
      "suites": {
        "parentSuite": "^parentSuite:?(.+)",
        "suite": "^suite:?(.+)",
        "subSuite": "^subSuite:?(.+)"
      },
      "behaviors": {
        "epic": "^epic:?(.+)",
        "story": "^story:(.+)"
      }
    },
    "labels": {
      "owner": "^author:?(.+)",
      "severity": "^(normal|blocker|critical|minor|trivial)"
    },
    "links": {
      "tms": "^story:(.+)",
      "issue": "^issue:(.+)",
      "link": "^link:(.+)"
    }
  }
}
2019-03-12 12:05:25,471 [ParallelWorker#4] INFO NUnitAutomationFramework.Framework.IO.FileAndFolder - Base Director: D:\Work\Projects\NUnitAutomationFramework\NUnitAutomationFramework\bin\Debug
2019-03-12 12:05:25,472 [ParallelWorker#4] INFO NUnitAutomationFramework.Framework.Configuration.ConfigurationReader - NUnitAutomationFramework.Framework.Configuration.ConfigurationReader Dir= D:\Work\Projects\NUnitAutomationFramework\NUnitAutomationFramework\bin\Debug
2019-03-12 12:05:25,472 [ParallelWorker#4] INFO NUnitAutomationFramework.Framework.IO.FileAndFolder - Base Director: D:\Work\Projects\NUnitAutomationFramework\NUnitAutomationFramework\bin\Debug
2019-03-12 12:05:25,478 [ParallelWorker#4] INFO NUnitAutomationFramework.Framework.IO.FileAndFolder - Base Director: D:\Work\Projects\NUnitAutomationFramework\NUnitAutomationFramework\bin\Debug
2019-03-12 12:05:25,479 [ParallelWorker#4] INFO NUnitAutomationFramework.Framework.IO.FileAndFolder - Source File: D:\Work\Projects\NUnitAutomationFramework\NUnitAutomationFramework\DevTests\Resources\DevLocators.xlsx
2019-03-12 12:05:25,479 [ParallelWorker#4] INFO NUnitAutomationFramework.Framework.IO.FileAndFolder - Destination File: D:\Work\Projects\NUnitAutomationFramework\NUnitAutomationFramework\bin\Debug\Resources\Resources\HomePageLocator\DevLocators.xlsx
2019-03-12 12:05:25,483 [ParallelWorker#4] INFO NUnitAutomationFramework.Framework.IO.FileAndFolder - File copied from source to destination
2019-03-12 12:05:25,641 [ParallelWorker#4] INFO NUnitAutomationFramework.Framework.Spreadsheet.SpreadsheetUtility - Trying to load all abjedts from the file
2019-03-12 12:05:25,994 [ParallelWorker#4] INFO NUnitAutomationFramework.Framework.Spreadsheet.SpreadsheetUtility - Current Sheet: Locators
2019-03-12 12:05:26,149 [ParallelWorker#4] INFO NUnitAutomationFramework.Framework.IO.FileAndFolder - Base Director: D:\Work\Projects\NUnitAutomationFramework\NUnitAutomationFramework\bin\Debug
2019-03-12 12:05:26,149 [ParallelWorker#4] INFO NUnitAutomationFramework.Framework.Configuration.ConfigurationReader - NUnitAutomationFramework.Framework.Configuration.ConfigurationReader Dir= D:\Work\Projects\NUnitAutomationFramework\NUnitAutomationFramework\bin\Debug
2019-03-12 12:05:26,150 [ParallelWorker#4] INFO NUnitAutomationFramework.Framework.IO.FileAndFolder - Base Director: D:\Work\Projects\NUnitAutomationFramework\NUnitAutomationFramework\bin\Debug
2019-03-12 12:05:26,150 [ParallelWorker#4] INFO NUnitAutomationFramework.Framework.IO.FileAndFolder - Base Director: D:\Work\Projects\NUnitAutomationFramework\NUnitAutomationFramework\bin\Debug
2019-03-12 12:05:26,151 [ParallelWorker#4] INFO NUnitAutomationFramework.Framework.IO.FileAndFolder - Source File: D:\Work\Projects\NUnitAutomationFramework\NUnitAutomationFramework\DevTests\Resources\DevLocators.xlsx
2019-03-12 12:05:26,151 [ParallelWorker#4] INFO NUnitAutomationFramework.Framework.IO.FileAndFolder - Destination File: D:\Work\Projects\NUnitAutomationFramework\NUnitAutomationFramework\bin\Debug\Resources\Resources\HomePageLocator\DevLocators.xlsx
2019-03-12 12:05:26,152 [ParallelWorker#4] INFO NUnitAutomationFramework.Framework.IO.FileAndFolder - File copied from source to destination
2019-03-12 12:06:06,189 [NonParallelWorker] INFO NUnitAutomationFramework.TestsSetupClass - ALLURE_CONFIG_ENV_VARIABLE Environment Variable Set to: D:\Work\Projects\NUnitAutomationFramework\NUnitAutomationFramework\bin\Debug
2019-03-12 12:06:06,557 [NonParallelWorker] INFO NUnitAutomationFramework.TestsSetupClass - {
  "allure": {
    "directory": "allure-results",
    "links": [
      "{link}",
      "https://testrail.com/browse/{tms}",
      "https://jira.com/browse/{issue}"
    ]
  },
  "specflow": {
    "stepArguments": {
      "convertToParameters": "true",
      "paramNameRegex": "",
      "paramValueRegex": ""
    },
    "grouping": {
      "suites": {
        "parentSuite": "^parentSuite:?(.+)",
        "suite": "^suite:?(.+)",
        "subSuite": "^subSuite:?(.+)"
      },
      "behaviors": {
        "epic": "^epic:?(.+)",
        "story": "^story:(.+)"
      }
    },
    "labels": {
      "owner": "^author:?(.+)",
      "severity": "^(normal|blocker|critical|minor|trivial)"
    },
    "links": {
      "tms": "^story:(.+)",
      "issue": "^issue:(.+)",
      "link": "^link:(.+)"
    }
  }
}
2019-03-12 12:06:15,862 [ParallelWorker#3] INFO NUnitAutomationFramework.Framework.IO.FileAndFolder - Base Director: D:\Work\Projects\NUnitAutomationFramework\NUnitAutomationFramework\bin\Debug
2019-03-12 12:06:15,862 [ParallelWorker#3] INFO NUnitAutomationFramework.Framework.Configuration.ConfigurationReader - NUnitAutomationFramework.Framework.Configuration.ConfigurationReader Dir= D:\Work\Projects\NUnitAutomationFramework\NUnitAutomationFramework\bin\Debug
2019-03-12 12:06:16,329 [ParallelWorker#3] INFO NUnitAutomationFramework.Framework.IO.FileAndFolder - Base Director: D:\Work\Projects\NUnitAutomationFramework\NUnitAutomationFramework\bin\Debug
2019-03-12 12:06:19,258 [ParallelWorker#3] INFO NUnitAutomationFramework.Framework.IO.FileAndFolder - Base Director: D:\Work\Projects\NUnitAutomationFramework\NUnitAutomationFramework\bin\Debug
2019-03-12 12:06:19,914 [ParallelWorker#3] INFO NUnitAutomationFramework.Framework.IO.FileAndFolder - Source File: D:\Work\Projects\NUnitAutomationFramework\NUnitAutomationFramework\DevTests\Resources\DevLocators.xlsx
2019-03-12 12:06:19,914 [ParallelWorker#3] INFO NUnitAutomationFramework.Framework.IO.FileAndFolder - Destination File: D:\Work\Projects\NUnitAutomationFramework\NUnitAutomationFramework\bin\Debug\Resources\Resources\HomePageLocator\DevLocators.xlsx
2019-03-12 12:06:19,915 [ParallelWorker#3] INFO NUnitAutomationFramework.Framework.IO.FileAndFolder - File copied from source to destination
2019-03-12 12:06:20,642 [ParallelWorker#3] INFO NUnitAutomationFramework.Framework.Spreadsheet.SpreadsheetUtility - Trying to load all abjedts from the file
2019-03-12 12:06:20,989 [ParallelWorker#3] INFO NUnitAutomationFramework.Framework.Spreadsheet.SpreadsheetUtility - Current Sheet: Locators
2019-03-12 12:06:28,926 [ParallelWorker#3] INFO NUnitAutomationFramework.Framework.IO.FileAndFolder - Base Director: D:\Work\Projects\NUnitAutomationFramework\NUnitAutomationFramework\bin\Debug
2019-03-12 12:06:28,926 [ParallelWorker#3] INFO NUnitAutomationFramework.Framework.Configuration.ConfigurationReader - NUnitAutomationFramework.Framework.Configuration.ConfigurationReader Dir= D:\Work\Projects\NUnitAutomationFramework\NUnitAutomationFramework\bin\Debug
2019-03-12 12:06:29,273 [ParallelWorker#3] INFO NUnitAutomationFramework.Framework.IO.FileAndFolder - Base Director: D:\Work\Projects\NUnitAutomationFramework\NUnitAutomationFramework\bin\Debug
2019-03-12 12:06:46,242 [ParallelWorker#3] INFO NUnitAutomationFramework.Framework.IO.FileAndFolder - Base Director: D:\Work\Projects\NUnitAutomationFramework\NUnitAutomationFramework\bin\Debug
2019-03-12 12:06:50,313 [ParallelWorker#3] INFO NUnitAutomationFramework.Framework.IO.FileAndFolder - Source File: D:\Work\Projects\NUnitAutomationFramework\NUnitAutomationFramework\DevTests\Resources\DevLocators.xlsx
2019-03-12 12:06:50,314 [ParallelWorker#3] INFO NUnitAutomationFramework.Framework.IO.FileAndFolder - Destination File: D:\Work\Projects\NUnitAutomationFramework\NUnitAutomationFramework\bin\Debug\Resources\Resources\HomePageLocator\DevLocators.xlsx
2019-03-12 12:06:50,315 [ParallelWorker#3] INFO NUnitAutomationFramework.Framework.IO.FileAndFolder - File copied from source to destination
2019-03-12 12:07:24,837 [NonParallelWorker] INFO NUnitAutomationFramework.TestsSetupClass - ALLURE_CONFIG_ENV_VARIABLE Environment Variable Set to: D:\Work\Projects\NUnitAutomationFramework\NUnitAutomationFramework\bin\Debug
2019-03-12 12:07:25,185 [NonParallelWorker] INFO NUnitAutomationFramework.TestsSetupClass - {
  "allure": {
    "directory": "allure-results",
    "links": [
      "{link}",
      "https://testrail.com/browse/{tms}",
      "https://jira.com/browse/{issue}"
    ]
  },
  "specflow": {
    "stepArguments": {
      "convertToParameters": "true",
      "paramNameRegex": "",
      "paramValueRegex": ""
    },
    "grouping": {
      "suites": {
        "parentSuite": "^parentSuite:?(.+)",
        "suite": "^suite:?(.+)",
        "subSuite": "^subSuite:?(.+)"
      },
      "behaviors": {
        "epic": "^epic:?(.+)",
        "story": "^story:(.+)"
      }
    },
    "labels": {
      "owner": "^author:?(.+)",
      "severity": "^(normal|blocker|critical|minor|trivial)"
    },
    "links": {
      "tms": "^story:(.+)",
      "issue": "^issue:(.+)",
      "link": "^link:(.+)"
    }
  }
}
2019-03-12 12:07:34,203 [ParallelWorker#3] INFO NUnitAutomationFramework.Framework.IO.FileAndFolder - Base Director: D:\Work\Projects\NUnitAutomationFramework\NUnitAutomationFramework\bin\Debug
2019-03-12 12:07:34,203 [ParallelWorker#3] INFO NUnitAutomationFramework.Framework.Configuration.ConfigurationReader - NUnitAutomationFramework.Framework.Configuration.ConfigurationReader Dir= D:\Work\Projects\NUnitAutomationFramework\NUnitAutomationFramework\bin\Debug
2019-03-12 12:07:34,204 [ParallelWorker#3] INFO NUnitAutomationFramework.Framework.IO.FileAndFolder - Base Director: D:\Work\Projects\NUnitAutomationFramework\NUnitAutomationFramework\bin\Debug
2019-03-12 12:07:34,210 [ParallelWorker#3] INFO NUnitAutomationFramework.Framework.IO.FileAndFolder - Base Director: D:\Work\Projects\NUnitAutomationFramework\NUnitAutomationFramework\bin\Debug
2019-03-12 12:07:34,210 [ParallelWorker#3] INFO NUnitAutomationFramework.Framework.IO.FileAndFolder - Source File: D:\Work\Projects\NUnitAutomationFramework\NUnitAutomationFramework\DevTests\Resources\DevLocators.xlsx
2019-03-12 12:07:34,211 [ParallelWorker#3] INFO NUnitAutomationFramework.Framework.IO.FileAndFolder - Destination File: D:\Work\Projects\NUnitAutomationFramework\NUnitAutomationFramework\bin\Debug\Resources\Resources\HomePageLocator\DevLocators.xlsx
2019-03-12 12:07:34,212 [ParallelWorker#3] INFO NUnitAutomationFramework.Framework.IO.FileAndFolder - File copied from source to destination
2019-03-12 12:07:37,712 [ParallelWorker#3] INFO NUnitAutomationFramework.Framework.IO.FileAndFolder - Base Director: D:\Work\Projects\NUnitAutomationFramework\NUnitAutomationFramework\bin\Debug
2019-03-12 12:07:37,712 [ParallelWorker#3] INFO NUnitAutomationFramework.Framework.Configuration.ConfigurationReader - NUnitAutomationFramework.Framework.Configuration.ConfigurationReader Dir= D:\Work\Projects\NUnitAutomationFramework\NUnitAutomationFramework\bin\Debug
2019-03-12 12:07:37,899 [ParallelWorker#3] INFO NUnitAutomationFramework.Framework.IO.FileAndFolder - Base Director: D:\Work\Projects\NUnitAutomationFramework\NUnitAutomationFramework\bin\Debug
2019-03-12 12:07:40,411 [ParallelWorker#3] INFO NUnitAutomationFramework.Framework.IO.FileAndFolder - Base Director: D:\Work\Projects\NUnitAutomationFramework\NUnitAutomationFramework\bin\Debug
2019-03-12 12:07:41,413 [ParallelWorker#3] INFO NUnitAutomationFramework.Framework.IO.FileAndFolder - Source File: D:\Work\Projects\NUnitAutomationFramework\NUnitAutomationFramework\DevTests\Resources\DevLocators.xlsx
2019-03-12 12:07:41,414 [ParallelWorker#3] INFO NUnitAutomationFramework.Framework.IO.FileAndFolder - Destination File: D:\Work\Projects\NUnitAutomationFramework\NUnitAutomationFramework\bin\Debug\Resources\Resources\HomePageLocator\DevLocators.xlsx
2019-03-12 12:07:41,415 [ParallelWorker#3] INFO NUnitAutomationFramework.Framework.IO.FileAndFolder - File copied from source to destination
2019-03-12 12:08:53,597 [NonParallelWorker] INFO NUnitAutomationFramework.TestsSetupClass - ALLURE_CONFIG_ENV_VARIABLE Environment Variable Set to: D:\Work\Projects\NUnitAutomationFramework\NUnitAutomationFramework\bin\Debug
2019-03-12 12:08:53,925 [NonParallelWorker] INFO NUnitAutomationFramework.TestsSetupClass - {
  "allure": {
    "directory": "allure-results",
    "links": [
      "{link}",
      "https://testrail.com/browse/{tms}",
      "https://jira.com/browse/{issue}"
    ]
  },
  "specflow": {
    "stepArguments": {
      "convertToParameters": "true",
      "paramNameRegex": "",
      "paramValueRegex": ""
    },
    "grouping": {
      "suites": {
        "parentSuite": "^parentSuite:?(.+)",
        "suite": "^suite:?(.+)",
        "subSuite": "^subSuite:?(.+)"
      },
      "behaviors": {
        "epic": "^epic:?(.+)",
        "story": "^story:(.+)"
      }
    },
    "labels": {
      "owner": "^author:?(.+)",
      "severity": "^(normal|blocker|critical|minor|trivial)"
    },
    "links": {
      "tms": "^story:(.+)",
      "issue": "^issue:(.+)",
      "link": "^link:(.+)"
    }
  }
}
2019-03-12 12:08:54,008 [ParallelWorker#5] INFO NUnitAutomationFramework.Framework.IO.FileAndFolder - Base Director: D:\Work\Projects\NUnitAutomationFramework\NUnitAutomationFramework\bin\Debug
2019-03-12 12:08:54,009 [ParallelWorker#5] INFO NUnitAutomationFramework.Framework.Configuration.ConfigurationReader - NUnitAutomationFramework.Framework.Configuration.ConfigurationReader Dir= D:\Work\Projects\NUnitAutomationFramework\NUnitAutomationFramework\bin\Debug
2019-03-12 12:08:54,009 [ParallelWorker#5] INFO NUnitAutomationFramework.Framework.IO.FileAndFolder - Base Director: D:\Work\Projects\NUnitAutomationFramework\NUnitAutomationFramework\bin\Debug
2019-03-12 12:08:58,526 [ParallelWorker#5] INFO NUnitAutomationFramework.Framework.IO.FileAndFolder - Base Director: D:\Work\Projects\NUnitAutomationFramework\NUnitAutomationFramework\bin\Debug
2019-03-12 12:09:15,428 [ParallelWorker#5] INFO NUnitAutomationFramework.Framework.IO.FileAndFolder - Source File: D:\Work\Projects\NUnitAutomationFramework\NUnitAutomationFramework\DevTests\Resources\DevLocators.xlsx
2019-03-12 12:09:15,428 [ParallelWorker#5] INFO NUnitAutomationFramework.Framework.IO.FileAndFolder - Destination File: D:\Work\Projects\NUnitAutomationFramework\NUnitAutomationFramework\bin\Debug\Resources\Resources\HomePageLocator\DevLocators.xlsx
2019-03-12 12:09:15,430 [ParallelWorker#5] INFO NUnitAutomationFramework.Framework.IO.FileAndFolder - File copied from source to destination
2019-03-12 12:09:52,910 [ParallelWorker#5] INFO NUnitAutomationFramework.Framework.Spreadsheet.SpreadsheetUtility - Trying to load all abjedts from the file
2019-03-12 12:09:54,742 [ParallelWorker#5] INFO NUnitAutomationFramework.Framework.Spreadsheet.SpreadsheetUtility - Current Sheet: Locators
2019-03-12 12:10:06,177 [ParallelWorker#5] INFO NUnitAutomationFramework.Framework.IO.FileAndFolder - Base Director: D:\Work\Projects\NUnitAutomationFramework\NUnitAutomationFramework\bin\Debug
2019-03-12 12:10:06,178 [ParallelWorker#5] INFO NUnitAutomationFramework.Framework.Configuration.ConfigurationReader - NUnitAutomationFramework.Framework.Configuration.ConfigurationReader Dir= D:\Work\Projects\NUnitAutomationFramework\NUnitAutomationFramework\bin\Debug
2019-03-12 12:10:06,178 [ParallelWorker#5] INFO NUnitAutomationFramework.Framework.IO.FileAndFolder - Base Director: D:\Work\Projects\NUnitAutomationFramework\NUnitAutomationFramework\bin\Debug
2019-03-12 12:10:12,315 [ParallelWorker#5] INFO NUnitAutomationFramework.Framework.IO.FileAndFolder - Base Director: D:\Work\Projects\NUnitAutomationFramework\NUnitAutomationFramework\bin\Debug
2019-03-12 12:10:14,258 [ParallelWorker#5] INFO NUnitAutomationFramework.Framework.IO.FileAndFolder - Source File: D:\Work\Projects\NUnitAutomationFramework\NUnitAutomationFramework\DevTests\Resources\DevLocators.xlsx
2019-03-12 12:10:14,259 [ParallelWorker#5] INFO NUnitAutomationFramework.Framework.IO.FileAndFolder - Destination File: D:\Work\Projects\NUnitAutomationFramework\NUnitAutomationFramework\bin\Debug\Resources\Resources\HomePageLocator\DevLocators.xlsx
2019-03-12 12:10:14,261 [ParallelWorker#5] INFO NUnitAutomationFramework.Framework.IO.FileAndFolder - File copied from source to destination
2019-03-12 12:11:07,770 [NonParallelWorker] INFO NUnitAutomationFramework.TestsSetupClass - ALLURE_CONFIG_ENV_VARIABLE Environment Variable Set to: D:\Work\Projects\NUnitAutomationFramework\NUnitAutomationFramework\bin\Debug
2019-03-12 12:11:08,101 [NonParallelWorker] INFO NUnitAutomationFramework.TestsSetupClass - {
  "allure": {
    "directory": "allure-results",
    "links": [
      "{link}",
      "https://testrail.com/browse/{tms}",
      "https://jira.com/browse/{issue}"
    ]
  },
  "specflow": {
    "stepArguments": {
      "convertToParameters": "true",
      "paramNameRegex": "",
      "paramValueRegex": ""
    },
    "grouping": {
      "suites": {
        "parentSuite": "^parentSuite:?(.+)",
        "suite": "^suite:?(.+)",
        "subSuite": "^subSuite:?(.+)"
      },
      "behaviors": {
        "epic": "^epic:?(.+)",
        "story": "^story:(.+)"
      }
    },
    "labels": {
      "owner": "^author:?(.+)",
      "severity": "^(normal|blocker|critical|minor|trivial)"
    },
    "links": {
      "tms": "^story:(.+)",
      "issue": "^issue:(.+)",
      "link": "^link:(.+)"
    }
  }
}
2019-03-12 12:11:08,182 [ParallelWorker#1] INFO NUnitAutomationFramework.Framework.IO.FileAndFolder - Base Director: D:\Work\Projects\NUnitAutomationFramework\NUnitAutomationFramework\bin\Debug
2019-03-12 12:11:08,183 [ParallelWorker#1] INFO NUnitAutomationFramework.Framework.Configuration.ConfigurationReader - NUnitAutomationFramework.Framework.Configuration.ConfigurationReader Dir= D:\Work\Projects\NUnitAutomationFramework\NUnitAutomationFramework\bin\Debug
2019-03-12 12:11:08,183 [ParallelWorker#1] INFO NUnitAutomationFramework.Framework.IO.FileAndFolder - Base Director: D:\Work\Projects\NUnitAutomationFramework\NUnitAutomationFramework\bin\Debug
2019-03-12 12:11:12,430 [ParallelWorker#1] INFO NUnitAutomationFramework.Framework.IO.FileAndFolder - Base Director: D:\Work\Projects\NUnitAutomationFramework\NUnitAutomationFramework\bin\Debug
2019-03-12 12:11:13,381 [ParallelWorker#1] INFO NUnitAutomationFramework.Framework.IO.FileAndFolder - Source File: D:\Work\Projects\NUnitAutomationFramework\NUnitAutomationFramework\DevTests\Resources\DevLocators.xlsx
2019-03-12 12:11:13,381 [ParallelWorker#1] INFO NUnitAutomationFramework.Framework.IO.FileAndFolder - Destination File: D:\Work\Projects\NUnitAutomationFramework\NUnitAutomationFramework\bin\Debug\Resources\Resources\HomePageLocator\DevLocators.xlsx
2019-03-12 12:11:13,382 [ParallelWorker#1] INFO NUnitAutomationFramework.Framework.IO.FileAndFolder - File copied from source to destination
2019-03-12 12:12:33,326 [NonParallelWorker] INFO NUnitAutomationFramework.TestsSetupClass - ALLURE_CONFIG_ENV_VARIABLE Environment Variable Set to: D:\Work\Projects\NUnitAutomationFramework\NUnitAutomationFramework\bin\Debug
2019-03-12 12:12:33,663 [NonParallelWorker] INFO NUnitAutomationFramework.TestsSetupClass - {
  "allure": {
    "directory": "allure-results",
    "links": [
      "{link}",
      "https://testrail.com/browse/{tms}",
      "https://jira.com/browse/{issue}"
    ]
  },
  "specflow": {
    "stepArguments": {
      "convertToParameters": "true",
      "paramNameRegex": "",
      "paramValueRegex": ""
    },
    "grouping": {
      "suites": {
        "parentSuite": "^parentSuite:?(.+)",
        "suite": "^suite:?(.+)",
        "subSuite": "^subSuite:?(.+)"
      },
      "behaviors": {
        "epic": "^epic:?(.+)",
        "story": "^story:(.+)"
      }
    },
    "labels": {
      "owner": "^author:?(.+)",
      "severity": "^(normal|blocker|critical|minor|trivial)"
    },
    "links": {
      "tms": "^story:(.+)",
      "issue": "^issue:(.+)",
      "link": "^link:(.+)"
    }
  }
}
2019-03-12 12:12:33,752 [ParallelWorker#3] INFO NUnitAutomationFramework.Framework.IO.FileAndFolder - Base Director: D:\Work\Projects\NUnitAutomationFramework\NUnitAutomationFramework\bin\Debug
2019-03-12 12:12:33,752 [ParallelWorker#3] INFO NUnitAutomationFramework.Framework.Configuration.ConfigurationReader - NUnitAutomationFramework.Framework.Configuration.ConfigurationReader Dir= D:\Work\Projects\NUnitAutomationFramework\NUnitAutomationFramework\bin\Debug
2019-03-12 12:12:33,753 [ParallelWorker#3] INFO NUnitAutomationFramework.Framework.IO.FileAndFolder - Base Director: D:\Work\Projects\NUnitAutomationFramework\NUnitAutomationFramework\bin\Debug
2019-03-12 12:12:33,763 [ParallelWorker#3] INFO NUnitAutomationFramework.Framework.IO.FileAndFolder - Base Director: D:\Work\Projects\NUnitAutomationFramework\NUnitAutomationFramework\bin\Debug
2019-03-12 12:12:33,764 [ParallelWorker#3] INFO NUnitAutomationFramework.Framework.IO.FileAndFolder - Source File: D:\Work\Projects\NUnitAutomationFramework\NUnitAutomationFramework\DevTests\Resources\DevLocators.xlsx
2019-03-12 12:12:33,764 [ParallelWorker#3] INFO NUnitAutomationFramework.Framework.IO.FileAndFolder - Destination File: D:\Work\Projects\NUnitAutomationFramework\NUnitAutomationFramework\bin\Debug\Resources\Resources\HomePageLocator\DevLocators.xlsx
2019-03-12 12:12:33,766 [ParallelWorker#3] INFO NUnitAutomationFramework.Framework.IO.FileAndFolder - File copied from source to destination
2019-03-12 12:12:37,037 [ParallelWorker#3] INFO NUnitAutomationFramework.Framework.Spreadsheet.SpreadsheetUtility - Trying to load all abjedts from the file
2019-03-12 12:12:37,400 [ParallelWorker#3] INFO NUnitAutomationFramework.Framework.Spreadsheet.SpreadsheetUtility - Current Sheet: Locators
2019-03-12 12:12:38,112 [ParallelWorker#3] INFO NUnitAutomationFramework.Framework.Spreadsheet.SpreadsheetUtility - Geting the data in the row 2
2019-03-12 12:12:40,225 [ParallelWorker#3] INFO NUnitAutomationFramework.Framework.Spreadsheet.SpreadsheetUtility - Row Added to the collection: submit
2019-03-12 12:12:41,705 [ParallelWorker#3] INFO NUnitAutomationFramework.Framework.Spreadsheet.SpreadsheetUtility - Row Added to the collection: Name
2019-03-12 12:12:49,539 [ParallelWorker#3] INFO NUnitAutomationFramework.Framework.Spreadsheet.SpreadsheetUtility - Row Added to the collection: submit
2019-03-12 12:15:08,435 [ParallelWorker#3] INFO NUnitAutomationFramework.Framework.IO.FileAndFolder - Base Director: D:\Work\Projects\NUnitAutomationFramework\NUnitAutomationFramework\bin\Debug
2019-03-12 12:15:08,436 [ParallelWorker#3] INFO NUnitAutomationFramework.Framework.IO.FileAndFolder - Source File: D:\Work\Projects\NUnitAutomationFramework\NUnitAutomationFramework\DevTests\Resources\DevLocators.xlsx
2019-03-12 12:15:08,436 [ParallelWorker#3] INFO NUnitAutomationFramework.Framework.IO.FileAndFolder - Destination File: D:\Work\Projects\NUnitAutomationFramework\NUnitAutomationFramework\bin\Debug\Resources\Resources\HomePageLocator\DevLocators.xlsx
2019-03-12 12:15:08,437 [ParallelWorker#3] INFO NUnitAutomationFramework.Framework.IO.FileAndFolder - File copied from source to destination
2019-03-12 12:15:08,438 [ParallelWorker#3] INFO NUnitAutomationFramework.Framework.Spreadsheet.SpreadsheetUtility - Trying to load all abjedts from the file
2019-03-12 12:15:08,440 [ParallelWorker#3] INFO NUnitAutomationFramework.Framework.Spreadsheet.SpreadsheetUtility - Current Sheet: Locators
2019-03-12 12:15:08,443 [ParallelWorker#3] INFO NUnitAutomationFramework.Framework.Spreadsheet.SpreadsheetUtility - Geting the data in the row 2
2019-03-12 12:15:08,443 [ParallelWorker#3] INFO NUnitAutomationFramework.Framework.Spreadsheet.SpreadsheetUtility - Row Added to the collection: submit
2019-03-12 12:15:08,444 [ParallelWorker#3] INFO NUnitAutomationFramework.Framework.Spreadsheet.SpreadsheetUtility - Row Added to the collection: Name
2019-03-12 12:15:08,444 [ParallelWorker#3] INFO NUnitAutomationFramework.Framework.Spreadsheet.SpreadsheetUtility - Row Added to the collection: submit
2019-03-12 12:15:21,967 [NonParallelWorker] INFO NUnitAutomationFramework.Framework.IO.FileAndFolder - Base Director: D:\Work\Projects\NUnitAutomationFramework\NUnitAutomationFramework\bin\Debug
2019-03-12 12:15:22,023 [NonParallelWorker] INFO NUnitAutomationFramework.Framework.IO.FileAndFolder - Base Director: D:\Work\Projects\NUnitAutomationFramework\NUnitAutomationFramework\bin\Debug
2019-03-12 12:15:22,024 [NonParallelWorker] INFO NUnitAutomationFramework.Framework.Configuration.ConfigurationReader - NUnitAutomationFramework.Framework.Configuration.ConfigurationReader Dir= D:\Work\Projects\NUnitAutomationFramework\NUnitAutomationFramework\bin\Debug
2019-03-12 12:15:22,024 [NonParallelWorker] INFO NUnitAutomationFramework.Framework.Configuration.ConfigurationReader - Reports folder full path selected: D:\Work\Projects\NUnitAutomationFramework\NUnitAutomationFramework\bin\Debug\Reports\Reports
2019-03-12 12:15:22,025 [NonParallelWorker] INFO NUnitAutomationFramework.Framework.IO.FileAndFolder - Source File: D:\Work\Projects\NUnitAutomationFramework\NUnitAutomationFramework\Reports\TestResult.xml
2019-03-12 12:15:22,025 [NonParallelWorker] INFO NUnitAutomationFramework.Framework.IO.FileAndFolder - Destination File: D:\Work\Projects\NUnitAutomationFramework\NUnitAutomationFramework\bin\Debug\Reports\Reports\TestResult.xml
2019-03-12 12:15:22,045 [NonParallelWorker] INFO NUnitAutomationFramework.Framework.IO.FileAndFolder - File copied from source to destination
2019-03-12 12:15:39,847 [NonParallelWorker] INFO NUnitAutomationFramework.TestsSetupClass - ALLURE_CONFIG_ENV_VARIABLE Environment Variable Set to: D:\Work\Projects\NUnitAutomationFramework\NUnitAutomationFramework\bin\Debug
2019-03-12 12:15:40,155 [NonParallelWorker] INFO NUnitAutomationFramework.TestsSetupClass - {
  "allure": {
    "directory": "allure-results",
    "links": [
      "{link}",
      "https://testrail.com/browse/{tms}",
      "https://jira.com/browse/{issue}"
    ]
  },
  "specflow": {
    "stepArguments": {
      "convertToParameters": "true",
      "paramNameRegex": "",
      "paramValueRegex": ""
    },
    "grouping": {
      "suites": {
        "parentSuite": "^parentSuite:?(.+)",
        "suite": "^suite:?(.+)",
        "subSuite": "^subSuite:?(.+)"
      },
      "behaviors": {
        "epic": "^epic:?(.+)",
        "story": "^story:(.+)"
      }
    },
    "labels": {
      "owner": "^author:?(.+)",
      "severity": "^(normal|blocker|critical|minor|trivial)"
    },
    "links": {
      "tms": "^story:(.+)",
      "issue": "^issue:(.+)",
      "link": "^link:(.+)"
    }
  }
}
2019-03-12 12:15:40,176 [ParallelWorker#8] INFO NUnitAutomationFramework.Framework.IO.FileAndFolder - Base Director: D:\Work\Projects\NUnitAutomationFramework\NUnitAutomationFramework\bin\Debug
2019-03-12 12:15:40,177 [ParallelWorker#8] INFO NUnitAutomationFramework.Framework.Configuration.ConfigurationReader - NUnitAutomationFramework.Framework.Configuration.ConfigurationReader Dir= D:\Work\Projects\NUnitAutomationFramework\NUnitAutomationFramework\bin\Debug
2019-03-12 12:15:40,177 [ParallelWorker#8] INFO NUnitAutomationFramework.Framework.IO.FileAndFolder - Base Director: D:\Work\Projects\NUnitAutomationFramework\NUnitAutomationFramework\bin\Debug
2019-03-12 12:15:40,182 [ParallelWorker#8] INFO NUnitAutomationFramework.Framework.IO.FileAndFolder - Base Director: D:\Work\Projects\NUnitAutomationFramework\NUnitAutomationFramework\bin\Debug
2019-03-12 12:15:40,184 [ParallelWorker#8] INFO NUnitAutomationFramework.Framework.IO.FileAndFolder - Source File: D:\Work\Projects\NUnitAutomationFramework\NUnitAutomationFramework\DevTests\Resources\DevLocators.xlsx
2019-03-12 12:15:40,184 [ParallelWorker#8] INFO NUnitAutomationFramework.Framework.IO.FileAndFolder - Destination File: D:\Work\Projects\NUnitAutomationFramework\NUnitAutomationFramework\bin\Debug\Resources\Resources\HomePageLocator\DevLocators.xlsx
2019-03-12 12:15:40,186 [ParallelWorker#8] INFO NUnitAutomationFramework.Framework.IO.FileAndFolder - File copied from source to destination
2019-03-12 12:15:40,272 [ParallelWorker#8] INFO NUnitAutomationFramework.Framework.Spreadsheet.SpreadsheetUtility - Trying to load all abjedts from the file
2019-03-12 12:15:40,606 [ParallelWorker#8] INFO NUnitAutomationFramework.Framework.Spreadsheet.SpreadsheetUtility - Current Sheet: Locators
2019-03-12 12:15:40,751 [ParallelWorker#8] INFO NUnitAutomationFramework.Framework.IO.FileAndFolder - Base Director: D:\Work\Projects\NUnitAutomationFramework\NUnitAutomationFramework\bin\Debug
2019-03-12 12:15:40,751 [ParallelWorker#8] INFO NUnitAutomationFramework.Framework.Configuration.ConfigurationReader - NUnitAutomationFramework.Framework.Configuration.ConfigurationReader Dir= D:\Work\Projects\NUnitAutomationFramework\NUnitAutomationFramework\bin\Debug
2019-03-12 12:15:40,751 [ParallelWorker#8] INFO NUnitAutomationFramework.Framework.IO.FileAndFolder - Base Director: D:\Work\Projects\NUnitAutomationFramework\NUnitAutomationFramework\bin\Debug
2019-03-12 12:15:40,752 [ParallelWorker#8] INFO NUnitAutomationFramework.Framework.IO.FileAndFolder - Base Director: D:\Work\Projects\NUnitAutomationFramework\NUnitAutomationFramework\bin\Debug
2019-03-12 12:15:40,752 [ParallelWorker#8] INFO NUnitAutomationFramework.Framework.IO.FileAndFolder - Source File: D:\Work\Projects\NUnitAutomationFramework\NUnitAutomationFramework\DevTests\Resources\DevLocators.xlsx
2019-03-12 12:15:40,753 [ParallelWorker#8] INFO NUnitAutomationFramework.Framework.IO.FileAndFolder - Destination File: D:\Work\Projects\NUnitAutomationFramework\NUnitAutomationFramework\bin\Debug\Resources\Resources\HomePageLocator\DevLocators.xlsx
2019-03-12 12:15:40,754 [ParallelWorker#8] INFO NUnitAutomationFramework.Framework.IO.FileAndFolder - File copied from source to destination
2019-03-12 12:15:40,755 [ParallelWorker#8] INFO NUnitAutomationFramework.Framework.Spreadsheet.SpreadsheetUtility - Trying to load all abjedts from the file
2019-03-12 12:15:40,757 [ParallelWorker#8] INFO NUnitAutomationFramework.Framework.Spreadsheet.SpreadsheetUtility - Current Sheet: Locators
2019-03-12 12:15:40,761 [ParallelWorker#8] INFO NUnitAutomationFramework.Framework.Spreadsheet.SpreadsheetUtility - Geting the data in the row 2
2019-03-12 12:15:40,762 [ParallelWorker#8] INFO NUnitAutomationFramework.Framework.Spreadsheet.SpreadsheetUtility - Row Added to the collection: submit
2019-03-12 12:15:40,762 [ParallelWorker#8] INFO NUnitAutomationFramework.Framework.Spreadsheet.SpreadsheetUtility - Row Added to the collection: Name
2019-03-12 12:15:40,762 [ParallelWorker#8] INFO NUnitAutomationFramework.Framework.Spreadsheet.SpreadsheetUtility - Row Added to the collection: submit
2019-03-12 12:15:40,791 [NonParallelWorker] INFO NUnitAutomationFramework.Framework.IO.FileAndFolder - Base Director: D:\Work\Projects\NUnitAutomationFramework\NUnitAutomationFramework\bin\Debug
2019-03-12 12:15:40,792 [NonParallelWorker] INFO NUnitAutomationFramework.Framework.IO.FileAndFolder - Base Director: D:\Work\Projects\NUnitAutomationFramework\NUnitAutomationFramework\bin\Debug
2019-03-12 12:15:40,792 [NonParallelWorker] INFO NUnitAutomationFramework.Framework.Configuration.ConfigurationReader - NUnitAutomationFramework.Framework.Configuration.ConfigurationReader Dir= D:\Work\Projects\NUnitAutomationFramework\NUnitAutomationFramework\bin\Debug
2019-03-12 12:15:40,793 [NonParallelWorker] INFO NUnitAutomationFramework.Framework.Configuration.ConfigurationReader - Reports folder full path selected: D:\Work\Projects\NUnitAutomationFramework\NUnitAutomationFramework\bin\Debug\Reports\Reports
2019-03-12 12:15:40,793 [NonParallelWorker] INFO NUnitAutomationFramework.Framework.IO.FileAndFolder - Source File: D:\Work\Projects\NUnitAutomationFramework\NUnitAutomationFramework\Reports\TestResult.xml
2019-03-12 12:15:40,793 [NonParallelWorker] INFO NUnitAutomationFramework.Framework.IO.FileAndFolder - Destination File: D:\Work\Projects\NUnitAutomationFramework\NUnitAutomationFramework\bin\Debug\Reports\Reports\TestResult.xml
2019-03-12 12:15:40,795 [NonParallelWorker] INFO NUnitAutomationFramework.Framework.IO.FileAndFolder - File copied from source to destination
2019-03-12 12:16:22,053 [NonParallelWorker] INFO NUnitAutomationFramework.TestsSetupClass - ALLURE_CONFIG_ENV_VARIABLE Environment Variable Set to: D:\Work\Projects\NUnitAutomationFramework\NUnitAutomationFramework\bin\Debug
2019-03-12 12:16:22,417 [NonParallelWorker] INFO NUnitAutomationFramework.TestsSetupClass - {
  "allure": {
    "directory": "allure-results",
    "links": [
      "{link}",
      "https://testrail.com/browse/{tms}",
      "https://jira.com/browse/{issue}"
    ]
  },
  "specflow": {
    "stepArguments": {
      "convertToParameters": "true",
      "paramNameRegex": "",
      "paramValueRegex": ""
    },
    "grouping": {
      "suites": {
        "parentSuite": "^parentSuite:?(.+)",
        "suite": "^suite:?(.+)",
        "subSuite": "^subSuite:?(.+)"
      },
      "behaviors": {
        "epic": "^epic:?(.+)",
        "story": "^story:(.+)"
      }
    },
    "labels": {
      "owner": "^author:?(.+)",
      "severity": "^(normal|blocker|critical|minor|trivial)"
    },
    "links": {
      "tms": "^story:(.+)",
      "issue": "^issue:(.+)",
      "link": "^link:(.+)"
    }
  }
}
2019-03-12 12:16:22,419 [NonParallelWorker] INFO NUnitAutomationFramework.Framework.IO.FileAndFolder - Base Director: D:\Work\Projects\NUnitAutomationFramework\NUnitAutomationFramework\bin\Debug
2019-03-12 12:16:22,419 [NonParallelWorker] INFO NUnitAutomationFramework.Framework.Configuration.ConfigurationReader - NUnitAutomationFramework.Framework.Configuration.ConfigurationReader Dir= D:\Work\Projects\NUnitAutomationFramework\NUnitAutomationFramework\bin\Debug
2019-03-12 12:16:22,438 [NonParallelWorker] INFO NUnitAutomationFramework.Framework.Configuration.ConfigurationReader - Resources folder full path selected: D:\Work\Projects\NUnitAutomationFramework\NUnitAutomationFramework\bin\Debug\Resources\Resources
2019-03-12 12:16:22,598 [NonParallelWorker] INFO NUnitAutomationFramework.Framework.Configuration.ConfigurationReader - Log folder full path selected: D:\Work\Projects\NUnitAutomationFramework\NUnitAutomationFramework\bin\Debug\Reports\Logs
2019-03-12 12:16:22,617 [NonParallelWorker] INFO NUnitAutomationFramework.Framework.Configuration.ConfigurationReader - Reports folder full path selected: D:\Work\Projects\NUnitAutomationFramework\NUnitAutomationFramework\bin\Debug\Reports\Reports
2019-03-12 12:16:22,648 [ParallelWorker#3] INFO NUnitAutomationFramework.Framework.IO.FileAndFolder - Base Director: D:\Work\Projects\NUnitAutomationFramework\NUnitAutomationFramework\bin\Debug
2019-03-12 12:16:22,648 [ParallelWorker#3] INFO NUnitAutomationFramework.Framework.Configuration.ConfigurationReader - NUnitAutomationFramework.Framework.Configuration.ConfigurationReader Dir= D:\Work\Projects\NUnitAutomationFramework\NUnitAutomationFramework\bin\Debug
2019-03-12 12:16:22,648 [ParallelWorker#3] INFO NUnitAutomationFramework.Framework.IO.FileAndFolder - Base Director: D:\Work\Projects\NUnitAutomationFramework\NUnitAutomationFramework\bin\Debug
2019-03-12 12:16:22,649 [ParallelWorker#3] INFO NUnitAutomationFramework.Framework.IO.FileAndFolder - Base Director: D:\Work\Projects\NUnitAutomationFramework\NUnitAutomationFramework\bin\Debug
2019-03-12 12:16:22,649 [ParallelWorker#3] INFO NUnitAutomationFramework.Framework.IO.FileAndFolder - Source File: D:\Work\Projects\NUnitAutomationFramework\NUnitAutomationFramework\DevTests\Resources\DevLocators.xlsx
2019-03-12 12:16:22,650 [ParallelWorker#3] INFO NUnitAutomationFramework.Framework.IO.FileAndFolder - Destination File: D:\Work\Projects\NUnitAutomationFramework\NUnitAutomationFramework\bin\Debug\Resources\Resources\HomePageLocator\DevLocators.xlsx
2019-03-12 12:16:22,652 [ParallelWorker#3] INFO NUnitAutomationFramework.Framework.IO.FileAndFolder - File copied from source to destination
2019-03-12 12:16:22,734 [ParallelWorker#3] INFO NUnitAutomationFramework.Framework.Spreadsheet.SpreadsheetUtility - Trying to load all abjedts from the file
2019-03-12 12:16:23,029 [ParallelWorker#3] INFO NUnitAutomationFramework.Framework.Spreadsheet.SpreadsheetUtility - Current Sheet: Locators
2019-03-12 12:16:23,067 [ParallelWorker#3] INFO NUnitAutomationFramework.Framework.IO.FileAndFolder - Base Director: D:\Work\Projects\NUnitAutomationFramework\NUnitAutomationFramework\bin\Debug
2019-03-12 12:16:23,067 [ParallelWorker#3] INFO NUnitAutomationFramework.Framework.Configuration.ConfigurationReader - NUnitAutomationFramework.Framework.Configuration.ConfigurationReader Dir= D:\Work\Projects\NUnitAutomationFramework\NUnitAutomationFramework\bin\Debug
2019-03-12 12:16:23,068 [ParallelWorker#3] INFO NUnitAutomationFramework.Framework.IO.FileAndFolder - Base Director: D:\Work\Projects\NUnitAutomationFramework\NUnitAutomationFramework\bin\Debug
2019-03-12 12:16:23,069 [ParallelWorker#3] INFO NUnitAutomationFramework.Framework.IO.FileAndFolder - Base Director: D:\Work\Projects\NUnitAutomationFramework\NUnitAutomationFramework\bin\Debug
2019-03-12 12:16:23,070 [ParallelWorker#3] INFO NUnitAutomationFramework.Framework.IO.FileAndFolder - Source File: D:\Work\Projects\NUnitAutomationFramework\NUnitAutomationFramework\DevTests\Resources\DevLocators.xlsx
2019-03-12 12:16:23,070 [ParallelWorker#3] INFO NUnitAutomationFramework.Framework.IO.FileAndFolder - Destination File: D:\Work\Projects\NUnitAutomationFramework\NUnitAutomationFramework\bin\Debug\Resources\Resources\HomePageLocator\DevLocators.xlsx
2019-03-12 12:16:23,072 [ParallelWorker#3] INFO NUnitAutomationFramework.Framework.IO.FileAndFolder - File copied from source to destination
2019-03-12 12:16:23,073 [ParallelWorker#3] INFO NUnitAutomationFramework.Framework.Spreadsheet.SpreadsheetUtility - Trying to load all abjedts from the file
2019-03-12 12:16:23,075 [ParallelWorker#3] INFO NUnitAutomationFramework.Framework.Spreadsheet.SpreadsheetUtility - Current Sheet: Locators
2019-03-12 12:16:23,079 [ParallelWorker#3] INFO NUnitAutomationFramework.Framework.Spreadsheet.SpreadsheetUtility - Geting the data in the row 2
2019-03-12 12:16:23,080 [ParallelWorker#3] INFO NUnitAutomationFramework.Framework.Spreadsheet.SpreadsheetUtility - Row Added to the collection: submit
2019-03-12 12:16:23,080 [ParallelWorker#3] INFO NUnitAutomationFramework.Framework.Spreadsheet.SpreadsheetUtility - Row Added to the collection: Name
2019-03-12 12:16:23,080 [ParallelWorker#3] INFO NUnitAutomationFramework.Framework.Spreadsheet.SpreadsheetUtility - Row Added to the collection: submit
2019-03-12 12:16:23,096 [NonParallelWorker] INFO NUnitAutomationFramework.Framework.IO.FileAndFolder - Base Director: D:\Work\Projects\NUnitAutomationFramework\NUnitAutomationFramework\bin\Debug
2019-03-12 12:16:23,102 [NonParallelWorker] INFO NUnitAutomationFramework.Framework.IO.FileAndFolder - Source File: D:\Work\Projects\NUnitAutomationFramework\NUnitAutomationFramework\bin\Debug\Test.txt
2019-03-12 12:16:23,103 [NonParallelWorker] INFO NUnitAutomationFramework.Framework.IO.FileAndFolder - Destination File: D:\Work\Projects\NUnitAutomationFramework\NUnitAutomationFramework\bin\Debug\Reports\Test.txt
2019-03-12 12:16:23,104 [NonParallelWorker] INFO NUnitAutomationFramework.Framework.IO.FileAndFolder - File copied from source to destination
2019-03-12 12:16:23,126 [NonParallelWorker] INFO NUnitAutomationFramework.Framework.IO.FileAndFolder - Base Director: D:\Work\Projects\NUnitAutomationFramework\NUnitAutomationFramework\bin\Debug
2019-03-12 12:16:23,126 [NonParallelWorker] INFO NUnitAutomationFramework.Framework.IO.FileAndFolder - Base Director: D:\Work\Projects\NUnitAutomationFramework\NUnitAutomationFramework\bin\Debug
2019-03-12 12:16:23,127 [NonParallelWorker] INFO NUnitAutomationFramework.Framework.Configuration.ConfigurationReader - NUnitAutomationFramework.Framework.Configuration.ConfigurationReader Dir= D:\Work\Projects\NUnitAutomationFramework\NUnitAutomationFramework\bin\Debug
2019-03-12 12:16:23,127 [NonParallelWorker] INFO NUnitAutomationFramework.Framework.Configuration.ConfigurationReader - Reports folder full path selected: D:\Work\Projects\NUnitAutomationFramework\NUnitAutomationFramework\bin\Debug\Reports\Reports
2019-03-12 12:16:23,127 [NonParallelWorker] INFO NUnitAutomationFramework.Framework.IO.FileAndFolder - Source File: D:\Work\Projects\NUnitAutomationFramework\NUnitAutomationFramework\Reports\TestResult.xml
2019-03-12 12:16:23,127 [NonParallelWorker] INFO NUnitAutomationFramework.Framework.IO.FileAndFolder - Destination File: D:\Work\Projects\NUnitAutomationFramework\NUnitAutomationFramework\bin\Debug\Reports\Reports\TestResult.xml
2019-03-12 12:16:23,129 [NonParallelWorker] INFO NUnitAutomationFramework.Framework.IO.FileAndFolder - File copied from source to destination
2019-03-12 16:08:24,207 [NonParallelWorker] INFO NUnitAutomationFramework.TestsSetupClass - ALLURE_CONFIG_ENV_VARIABLE Environment Variable Set to: D:\Work\Projects\NUnitAutomationFramework\NUnitAutomationFramework\bin\Debug
2019-03-12 16:08:24,542 [NonParallelWorker] INFO NUnitAutomationFramework.TestsSetupClass - {
  "allure": {
    "directory": "allure-results",
    "links": [
      "{link}",
      "https://testrail.com/browse/{tms}",
      "https://jira.com/browse/{issue}"
    ]
  },
  "specflow": {
    "stepArguments": {
      "convertToParameters": "true",
      "paramNameRegex": "",
      "paramValueRegex": ""
    },
    "grouping": {
      "suites": {
        "parentSuite": "^parentSuite:?(.+)",
        "suite": "^suite:?(.+)",
        "subSuite": "^subSuite:?(.+)"
      },
      "behaviors": {
        "epic": "^epic:?(.+)",
        "story": "^story:(.+)"
      }
    },
    "labels": {
      "owner": "^author:?(.+)",
      "severity": "^(normal|blocker|critical|minor|trivial)"
    },
    "links": {
      "tms": "^story:(.+)",
      "issue": "^issue:(.+)",
      "link": "^link:(.+)"
    }
  }
}
2019-03-12 16:08:29,078 [NonParallelWorker] INFO NUnitAutomationFramework.Framework.IO.FileAndFolder - Base Director: D:\Work\Projects\NUnitAutomationFramework\NUnitAutomationFramework\bin\Debug
2019-03-12 16:08:31,748 [NonParallelWorker] INFO NUnitAutomationFramework.Framework.IO.FileAndFolder - Base Director: D:\Work\Projects\NUnitAutomationFramework\NUnitAutomationFramework\bin\Debug
2019-03-12 16:09:01,818 [NonParallelWorker] INFO NUnitAutomationFramework.Framework.IO.FileAndFolder - Source File: D:\Work\Projects\NUnitAutomationFramework\NUnitAutomationFramework\DevTests\Resources\DevLocators.xlsx
2019-03-12 16:09:01,818 [NonParallelWorker] INFO NUnitAutomationFramework.Framework.IO.FileAndFolder - Destination File: D:\Work\Projects\NUnitAutomationFramework\NUnitAutomationFramework\bin\Debug\Resources\Resources\PageObject\DevLocators.xlsx
2019-03-12 16:09:01,820 [NonParallelWorker] INFO NUnitAutomationFramework.Framework.IO.FileAndFolder - File copied from source to destination
2019-03-12 16:09:20,403 [NonParallelWorker] INFO NUnitAutomationFramework.Framework.IO.FileAndFolder - Base Director: D:\Work\Projects\NUnitAutomationFramework\NUnitAutomationFramework\bin\Debug
2019-03-12 16:09:46,714 [NonParallelWorker] INFO NUnitAutomationFramework.Framework.PageElement - Execution directory is: D:\Work\Projects\NUnitAutomationFramework\NUnitAutomationFramework\bin\Debug
2019-03-12 16:10:21,799 [NonParallelWorker] INFO NUnitAutomationFramework.Framework.IO.FileAndFolder - Base Director: D:\Work\Projects\NUnitAutomationFramework\NUnitAutomationFramework\bin\Debug
2019-03-12 16:10:21,799 [NonParallelWorker] INFO NUnitAutomationFramework.Framework.Configuration.ConfigurationReader - NUnitAutomationFramework.Framework.Configuration.ConfigurationReader Dir= D:\Work\Projects\NUnitAutomationFramework\NUnitAutomationFramework\bin\Debug
2019-03-12 16:12:26,114 [NonParallelWorker] INFO NUnitAutomationFramework.Framework.IO.FileAndFolder - Base Director: D:\Work\Projects\NUnitAutomationFramework\NUnitAutomationFramework\bin\Debug
2019-03-12 16:12:26,114 [NonParallelWorker] INFO NUnitAutomationFramework.Framework.Configuration.ConfigurationReader - NUnitAutomationFramework.Framework.Configuration.ConfigurationReader Dir= D:\Work\Projects\NUnitAutomationFramework\NUnitAutomationFramework\bin\Debug
2019-03-12 16:12:36,702 [NonParallelWorker] INFO NUnitAutomationFramework.Framework.Spreadsheet.SpreadsheetUtility - Trying to load all abjedts from the file
2019-03-12 16:12:37,076 [NonParallelWorker] INFO NUnitAutomationFramework.Framework.Spreadsheet.SpreadsheetUtility - Current Sheet: Locators
2019-03-12 16:13:10,071 [NonParallelWorker] INFO NUnitAutomationFramework.Framework.IO.FileAndFolder - Base Director: D:\Work\Projects\NUnitAutomationFramework\NUnitAutomationFramework\bin\Debug
2019-03-12 16:13:10,075 [NonParallelWorker] INFO NUnitAutomationFramework.Framework.IO.FileAndFolder - Base Director: D:\Work\Projects\NUnitAutomationFramework\NUnitAutomationFramework\bin\Debug
2019-03-12 16:13:10,075 [NonParallelWorker] INFO NUnitAutomationFramework.Framework.Configuration.ConfigurationReader - NUnitAutomationFramework.Framework.Configuration.ConfigurationReader Dir= D:\Work\Projects\NUnitAutomationFramework\NUnitAutomationFramework\bin\Debug
2019-03-12 16:13:10,076 [NonParallelWorker] INFO NUnitAutomationFramework.Framework.Configuration.ConfigurationReader - Reports folder full path selected: D:\Work\Projects\NUnitAutomationFramework\NUnitAutomationFramework\bin\Debug\Reports\Reports
2019-03-12 16:13:10,076 [NonParallelWorker] INFO NUnitAutomationFramework.Framework.IO.FileAndFolder - Source File: D:\Work\Projects\NUnitAutomationFramework\NUnitAutomationFramework\Reports\TestResult.xml
2019-03-12 16:13:10,076 [NonParallelWorker] INFO NUnitAutomationFramework.Framework.IO.FileAndFolder - Destination File: D:\Work\Projects\NUnitAutomationFramework\NUnitAutomationFramework\bin\Debug\Reports\Reports\TestResult.xml
2019-03-12 16:13:10,078 [NonParallelWorker] INFO NUnitAutomationFramework.Framework.IO.FileAndFolder - File copied from source to destination
2019-03-12 16:41:34,318 [NonParallelWorker] INFO NUnitAutomationFramework.TestsSetupClass - ALLURE_CONFIG_ENV_VARIABLE Environment Variable Set to: D:\Work\Projects\NUnitAutomationFramework\NUnitAutomationFramework\bin\Debug
2019-03-12 16:41:34,652 [NonParallelWorker] INFO NUnitAutomationFramework.TestsSetupClass - {
  "allure": {
    "directory": "allure-results",
    "links": [
      "{link}",
      "https://testrail.com/browse/{tms}",
      "https://jira.com/browse/{issue}"
    ]
  },
  "specflow": {
    "stepArguments": {
      "convertToParameters": "true",
      "paramNameRegex": "",
      "paramValueRegex": ""
    },
    "grouping": {
      "suites": {
        "parentSuite": "^parentSuite:?(.+)",
        "suite": "^suite:?(.+)",
        "subSuite": "^subSuite:?(.+)"
      },
      "behaviors": {
        "epic": "^epic:?(.+)",
        "story": "^story:(.+)"
      }
    },
    "labels": {
      "owner": "^author:?(.+)",
      "severity": "^(normal|blocker|critical|minor|trivial)"
    },
    "links": {
      "tms": "^story:(.+)",
      "issue": "^issue:(.+)",
      "link": "^link:(.+)"
    }
  }
}
2019-03-12 16:41:34,670 [NonParallelWorker] INFO NUnitAutomationFramework.Framework.IO.FileAndFolder - Base Director: D:\Work\Projects\NUnitAutomationFramework\NUnitAutomationFramework\bin\Debug
2019-03-12 16:41:34,671 [NonParallelWorker] INFO NUnitAutomationFramework.Framework.IO.FileAndFolder - Base Director: D:\Work\Projects\NUnitAutomationFramework\NUnitAutomationFramework\bin\Debug
2019-03-12 16:41:34,671 [NonParallelWorker] INFO NUnitAutomationFramework.Framework.IO.FileAndFolder - Source File: D:\Work\Projects\NUnitAutomationFramework\NUnitAutomationFramework\DevTests\Resources\DevLocators.xlsx
2019-03-12 16:41:34,671 [NonParallelWorker] INFO NUnitAutomationFramework.Framework.IO.FileAndFolder - Destination File: D:\Work\Projects\NUnitAutomationFramework\NUnitAutomationFramework\bin\Debug\Resources\Resources\PageObject\DevLocators.xlsx
2019-03-12 16:41:34,673 [NonParallelWorker] INFO NUnitAutomationFramework.Framework.IO.FileAndFolder - File copied from source to destination
2019-03-12 16:41:34,674 [NonParallelWorker] INFO NUnitAutomationFramework.Framework.IO.FileAndFolder - Base Director: D:\Work\Projects\NUnitAutomationFramework\NUnitAutomationFramework\bin\Debug
2019-03-12 16:41:34,674 [NonParallelWorker] INFO NUnitAutomationFramework.Framework.PageElement - Execution directory is: D:\Work\Projects\NUnitAutomationFramework\NUnitAutomationFramework\bin\Debug
2019-03-12 16:41:34,674 [NonParallelWorker] INFO NUnitAutomationFramework.Framework.PageElement - New Path: D:\Work\Projects\NUnitAutomationFramework\NUnitAutomationFramework\bin\Debug\Resources
2019-03-12 16:41:34,674 [NonParallelWorker] INFO NUnitAutomationFramework.Framework.PageElement - New Path: D:\Work\Projects\NUnitAutomationFramework\NUnitAutomationFramework\bin\Debug\Resources\Resources
2019-03-12 16:41:34,674 [NonParallelWorker] INFO NUnitAutomationFramework.Framework.PageElement - New Path: D:\Work\Projects\NUnitAutomationFramework\NUnitAutomationFramework\bin\Debug\Resources\Resources\PageObject
2019-03-12 16:41:34,675 [NonParallelWorker] INFO NUnitAutomationFramework.Framework.IO.FileAndFolder - Base Director: D:\Work\Projects\NUnitAutomationFramework\NUnitAutomationFramework\bin\Debug
2019-03-12 16:41:34,676 [NonParallelWorker] INFO NUnitAutomationFramework.Framework.Configuration.ConfigurationReader - NUnitAutomationFramework.Framework.Configuration.ConfigurationReader Dir= D:\Work\Projects\NUnitAutomationFramework\NUnitAutomationFramework\bin\Debug
2019-03-12 16:41:34,764 [NonParallelWorker] INFO NUnitAutomationFramework.Framework.Spreadsheet.SpreadsheetUtility - Trying to load all abjedts from the file
2019-03-12 16:41:35,102 [NonParallelWorker] INFO NUnitAutomationFramework.Framework.Spreadsheet.SpreadsheetUtility - Current Sheet: Locators
2019-03-12 16:41:35,119 [NonParallelWorker] INFO NUnitAutomationFramework.Framework.PageElement - Name:firstName | By:Id | Query:Query  Added To the Collection
2019-03-12 16:41:35,127 [NonParallelWorker] INFO NUnitAutomationFramework.Framework.PageElement - Name:submit | By:Name | Query:Query  Added To the Collection
2019-03-12 16:41:35,127 [NonParallelWorker] INFO NUnitAutomationFramework.Framework.PageElement - Name:email | By:xpath | Query:Query  Added To the Collection
2019-03-12 16:48:21,704 [NonParallelWorker] INFO NUnitAutomationFramework.TestsSetupClass - ALLURE_CONFIG_ENV_VARIABLE Environment Variable Set to: D:\Work\Projects\NUnitAutomationFramework\NUnitAutomationFramework\bin\Debug
2019-03-12 16:48:22,032 [NonParallelWorker] INFO NUnitAutomationFramework.TestsSetupClass - {
  "allure": {
    "directory": "allure-results",
    "links": [
      "{link}",
      "https://testrail.com/browse/{tms}",
      "https://jira.com/browse/{issue}"
    ]
  },
  "specflow": {
    "stepArguments": {
      "convertToParameters": "true",
      "paramNameRegex": "",
      "paramValueRegex": ""
    },
    "grouping": {
      "suites": {
        "parentSuite": "^parentSuite:?(.+)",
        "suite": "^suite:?(.+)",
        "subSuite": "^subSuite:?(.+)"
      },
      "behaviors": {
        "epic": "^epic:?(.+)",
        "story": "^story:(.+)"
      }
    },
    "labels": {
      "owner": "^author:?(.+)",
      "severity": "^(normal|blocker|critical|minor|trivial)"
    },
    "links": {
      "tms": "^story:(.+)",
      "issue": "^issue:(.+)",
      "link": "^link:(.+)"
    }
  }
}
2019-03-12 16:48:22,050 [NonParallelWorker] INFO NUnitAutomationFramework.Framework.IO.FileAndFolder - Base Director: D:\Work\Projects\NUnitAutomationFramework\NUnitAutomationFramework\bin\Debug
2019-03-12 16:48:22,051 [NonParallelWorker] INFO NUnitAutomationFramework.Framework.IO.FileAndFolder - Base Director: D:\Work\Projects\NUnitAutomationFramework\NUnitAutomationFramework\bin\Debug
2019-03-12 16:48:22,051 [NonParallelWorker] INFO NUnitAutomationFramework.Framework.IO.FileAndFolder - Source File: D:\Work\Projects\NUnitAutomationFramework\NUnitAutomationFramework\DevTests\Resources\DevLocators.xlsx
2019-03-12 16:48:22,052 [NonParallelWorker] INFO NUnitAutomationFramework.Framework.IO.FileAndFolder - Destination File: D:\Work\Projects\NUnitAutomationFramework\NUnitAutomationFramework\bin\Debug\Resources\Resources\PageObject\DevLocators.xlsx
2019-03-12 16:48:22,053 [NonParallelWorker] INFO NUnitAutomationFramework.Framework.IO.FileAndFolder - File copied from source to destination
2019-03-12 16:48:22,054 [NonParallelWorker] INFO NUnitAutomationFramework.Framework.IO.FileAndFolder - Base Director: D:\Work\Projects\NUnitAutomationFramework\NUnitAutomationFramework\bin\Debug
2019-03-12 16:48:22,054 [NonParallelWorker] INFO NUnitAutomationFramework.Framework.PageElement - Execution directory is: D:\Work\Projects\NUnitAutomationFramework\NUnitAutomationFramework\bin\Debug
2019-03-12 16:48:22,055 [NonParallelWorker] INFO NUnitAutomationFramework.Framework.PageElement - New Path: D:\Work\Projects\NUnitAutomationFramework\NUnitAutomationFramework\bin\Debug\Resources
2019-03-12 16:48:22,055 [NonParallelWorker] INFO NUnitAutomationFramework.Framework.PageElement - New Path: D:\Work\Projects\NUnitAutomationFramework\NUnitAutomationFramework\bin\Debug\Resources\Resources
2019-03-12 16:48:22,055 [NonParallelWorker] INFO NUnitAutomationFramework.Framework.PageElement - New Path: D:\Work\Projects\NUnitAutomationFramework\NUnitAutomationFramework\bin\Debug\Resources\Resources\PageObject
2019-03-12 16:48:22,055 [NonParallelWorker] INFO NUnitAutomationFramework.Framework.IO.FileAndFolder - Base Director: D:\Work\Projects\NUnitAutomationFramework\NUnitAutomationFramework\bin\Debug
2019-03-12 16:48:22,056 [NonParallelWorker] INFO NUnitAutomationFramework.Framework.Configuration.ConfigurationReader - NUnitAutomationFramework.Framework.Configuration.ConfigurationReader Dir= D:\Work\Projects\NUnitAutomationFramework\NUnitAutomationFramework\bin\Debug
2019-03-12 16:48:22,148 [NonParallelWorker] INFO NUnitAutomationFramework.Framework.Spreadsheet.SpreadsheetUtility - Trying to load all abjedts from the file
2019-03-12 16:48:22,512 [NonParallelWorker] INFO NUnitAutomationFramework.Framework.Spreadsheet.SpreadsheetUtility - Current Sheet: Locators
2019-03-12 16:48:22,531 [NonParallelWorker] INFO NUnitAutomationFramework.Framework.PageElement - Name:firstName | By:Id | Query:Query  Added To the Collection
2019-03-12 16:48:22,539 [NonParallelWorker] INFO NUnitAutomationFramework.Framework.PageElement - Name:submit | By:Name | Query:Query  Added To the Collection
2019-03-12 16:48:22,539 [NonParallelWorker] INFO NUnitAutomationFramework.Framework.PageElement - Name:email | By:xpath | Query:Query  Added To the Collection
2019-03-12 16:49:04,515 [NonParallelWorker] INFO NUnitAutomationFramework.Framework.IO.FileAndFolder - Base Director: D:\Work\Projects\NUnitAutomationFramework\NUnitAutomationFramework\bin\Debug
2019-03-12 16:49:04,515 [NonParallelWorker] INFO NUnitAutomationFramework.Framework.IO.FileAndFolder - Base Director: D:\Work\Projects\NUnitAutomationFramework\NUnitAutomationFramework\bin\Debug
2019-03-12 16:49:04,516 [NonParallelWorker] INFO NUnitAutomationFramework.Framework.Configuration.ConfigurationReader - NUnitAutomationFramework.Framework.Configuration.ConfigurationReader Dir= D:\Work\Projects\NUnitAutomationFramework\NUnitAutomationFramework\bin\Debug
2019-03-12 16:49:04,516 [NonParallelWorker] INFO NUnitAutomationFramework.Framework.Configuration.ConfigurationReader - Reports folder full path selected: D:\Work\Projects\NUnitAutomationFramework\NUnitAutomationFramework\bin\Debug\Reports\Reports
2019-03-12 16:49:04,517 [NonParallelWorker] INFO NUnitAutomationFramework.Framework.IO.FileAndFolder - Source File: D:\Work\Projects\NUnitAutomationFramework\NUnitAutomationFramework\Reports\TestResult.xml
2019-03-12 16:49:04,517 [NonParallelWorker] INFO NUnitAutomationFramework.Framework.IO.FileAndFolder - Destination File: D:\Work\Projects\NUnitAutomationFramework\NUnitAutomationFramework\bin\Debug\Reports\Reports\TestResult.xml
2019-03-12 16:49:04,519 [NonParallelWorker] INFO NUnitAutomationFramework.Framework.IO.FileAndFolder - File copied from source to destination
2019-03-12 16:49:24,204 [NonParallelWorker] INFO NUnitAutomationFramework.TestsSetupClass - ALLURE_CONFIG_ENV_VARIABLE Environment Variable Set to: D:\Work\Projects\NUnitAutomationFramework\NUnitAutomationFramework\bin\Debug
2019-03-12 16:49:24,516 [NonParallelWorker] INFO NUnitAutomationFramework.TestsSetupClass - {
  "allure": {
    "directory": "allure-results",
    "links": [
      "{link}",
      "https://testrail.com/browse/{tms}",
      "https://jira.com/browse/{issue}"
    ]
  },
  "specflow": {
    "stepArguments": {
      "convertToParameters": "true",
      "paramNameRegex": "",
      "paramValueRegex": ""
    },
    "grouping": {
      "suites": {
        "parentSuite": "^parentSuite:?(.+)",
        "suite": "^suite:?(.+)",
        "subSuite": "^subSuite:?(.+)"
      },
      "behaviors": {
        "epic": "^epic:?(.+)",
        "story": "^story:(.+)"
      }
    },
    "labels": {
      "owner": "^author:?(.+)",
      "severity": "^(normal|blocker|critical|minor|trivial)"
    },
    "links": {
      "tms": "^story:(.+)",
      "issue": "^issue:(.+)",
      "link": "^link:(.+)"
    }
  }
}
2019-03-12 16:49:24,518 [NonParallelWorker] INFO NUnitAutomationFramework.Framework.IO.FileAndFolder - Base Director: D:\Work\Projects\NUnitAutomationFramework\NUnitAutomationFramework\bin\Debug
2019-03-12 16:49:24,518 [NonParallelWorker] INFO NUnitAutomationFramework.Framework.Configuration.ConfigurationReader - NUnitAutomationFramework.Framework.Configuration.ConfigurationReader Dir= D:\Work\Projects\NUnitAutomationFramework\NUnitAutomationFramework\bin\Debug
2019-03-12 16:49:24,534 [NonParallelWorker] INFO NUnitAutomationFramework.Framework.Configuration.ConfigurationReader - Resources folder full path selected: D:\Work\Projects\NUnitAutomationFramework\NUnitAutomationFramework\bin\Debug\Resources\Resources
2019-03-12 16:49:24,682 [NonParallelWorker] INFO NUnitAutomationFramework.Framework.Configuration.ConfigurationReader - Log folder full path selected: D:\Work\Projects\NUnitAutomationFramework\NUnitAutomationFramework\bin\Debug\Reports\Logs
2019-03-12 16:49:24,702 [NonParallelWorker] INFO NUnitAutomationFramework.Framework.Configuration.ConfigurationReader - Reports folder full path selected: D:\Work\Projects\NUnitAutomationFramework\NUnitAutomationFramework\bin\Debug\Reports\Reports
2019-03-12 16:49:24,736 [ParallelWorker#4] INFO NUnitAutomationFramework.Framework.IO.FileAndFolder - Base Director: D:\Work\Projects\NUnitAutomationFramework\NUnitAutomationFramework\bin\Debug
2019-03-12 16:49:24,736 [ParallelWorker#4] INFO NUnitAutomationFramework.Framework.Configuration.ConfigurationReader - NUnitAutomationFramework.Framework.Configuration.ConfigurationReader Dir= D:\Work\Projects\NUnitAutomationFramework\NUnitAutomationFramework\bin\Debug
2019-03-12 16:49:24,737 [ParallelWorker#4] INFO NUnitAutomationFramework.Framework.IO.FileAndFolder - Base Director: D:\Work\Projects\NUnitAutomationFramework\NUnitAutomationFramework\bin\Debug
2019-03-12 16:49:24,737 [ParallelWorker#4] INFO NUnitAutomationFramework.Framework.IO.FileAndFolder - Base Director: D:\Work\Projects\NUnitAutomationFramework\NUnitAutomationFramework\bin\Debug
2019-03-12 16:49:24,738 [ParallelWorker#4] INFO NUnitAutomationFramework.Framework.IO.FileAndFolder - Source File: D:\Work\Projects\NUnitAutomationFramework\NUnitAutomationFramework\DevTests\Resources\DevLocators.xlsx
2019-03-12 16:49:24,738 [ParallelWorker#4] INFO NUnitAutomationFramework.Framework.IO.FileAndFolder - Destination File: D:\Work\Projects\NUnitAutomationFramework\NUnitAutomationFramework\bin\Debug\Resources\Resources\HomePageLocator\DevLocators.xlsx
2019-03-12 16:49:24,741 [ParallelWorker#4] INFO NUnitAutomationFramework.Framework.IO.FileAndFolder - File copied from source to destination
2019-03-12 16:49:24,827 [ParallelWorker#4] INFO NUnitAutomationFramework.Framework.Spreadsheet.SpreadsheetUtility - Trying to load all abjedts from the file
2019-03-12 16:49:25,122 [ParallelWorker#4] INFO NUnitAutomationFramework.Framework.Spreadsheet.SpreadsheetUtility - Current Sheet: Locators
2019-03-12 16:49:25,159 [ParallelWorker#4] INFO NUnitAutomationFramework.Framework.IO.FileAndFolder - Base Director: D:\Work\Projects\NUnitAutomationFramework\NUnitAutomationFramework\bin\Debug
2019-03-12 16:49:25,160 [ParallelWorker#4] INFO NUnitAutomationFramework.Framework.Configuration.ConfigurationReader - NUnitAutomationFramework.Framework.Configuration.ConfigurationReader Dir= D:\Work\Projects\NUnitAutomationFramework\NUnitAutomationFramework\bin\Debug
2019-03-12 16:49:25,160 [ParallelWorker#4] INFO NUnitAutomationFramework.Framework.IO.FileAndFolder - Base Director: D:\Work\Projects\NUnitAutomationFramework\NUnitAutomationFramework\bin\Debug
2019-03-12 16:49:25,161 [ParallelWorker#4] INFO NUnitAutomationFramework.Framework.IO.FileAndFolder - Base Director: D:\Work\Projects\NUnitAutomationFramework\NUnitAutomationFramework\bin\Debug
2019-03-12 16:49:25,161 [ParallelWorker#4] INFO NUnitAutomationFramework.Framework.IO.FileAndFolder - Source File: D:\Work\Projects\NUnitAutomationFramework\NUnitAutomationFramework\DevTests\Resources\DevLocators.xlsx
2019-03-12 16:49:25,161 [ParallelWorker#4] INFO NUnitAutomationFramework.Framework.IO.FileAndFolder - Destination File: D:\Work\Projects\NUnitAutomationFramework\NUnitAutomationFramework\bin\Debug\Resources\Resources\HomePageLocator\DevLocators.xlsx
2019-03-12 16:49:25,163 [ParallelWorker#4] INFO NUnitAutomationFramework.Framework.IO.FileAndFolder - File copied from source to destination
2019-03-12 16:49:25,164 [ParallelWorker#4] INFO NUnitAutomationFramework.Framework.Spreadsheet.SpreadsheetUtility - Trying to load all abjedts from the file
2019-03-12 16:49:25,167 [ParallelWorker#4] INFO NUnitAutomationFramework.Framework.Spreadsheet.SpreadsheetUtility - Current Sheet: Locators
2019-03-12 16:49:25,171 [ParallelWorker#4] INFO NUnitAutomationFramework.Framework.Spreadsheet.SpreadsheetUtility - Geting the data in the row 2
2019-03-12 16:49:25,171 [ParallelWorker#4] INFO NUnitAutomationFramework.Framework.Spreadsheet.SpreadsheetUtility - Row Added to the collection: submit
2019-03-12 16:49:25,171 [ParallelWorker#4] INFO NUnitAutomationFramework.Framework.Spreadsheet.SpreadsheetUtility - Row Added to the collection: Name
2019-03-12 16:49:25,171 [ParallelWorker#4] INFO NUnitAutomationFramework.Framework.Spreadsheet.SpreadsheetUtility - Row Added to the collection: submit
2019-03-12 16:49:25,185 [NonParallelWorker] INFO NUnitAutomationFramework.Framework.IO.FileAndFolder - Base Director: D:\Work\Projects\NUnitAutomationFramework\NUnitAutomationFramework\bin\Debug
2019-03-12 16:49:25,188 [NonParallelWorker] INFO NUnitAutomationFramework.Framework.IO.FileAndFolder - Source File: D:\Work\Projects\NUnitAutomationFramework\NUnitAutomationFramework\bin\Debug\Test.txt
2019-03-12 16:49:25,190 [NonParallelWorker] INFO NUnitAutomationFramework.Framework.IO.FileAndFolder - Destination File: D:\Work\Projects\NUnitAutomationFramework\NUnitAutomationFramework\bin\Debug\Reports\Test.txt
2019-03-12 16:49:25,191 [NonParallelWorker] INFO NUnitAutomationFramework.Framework.IO.FileAndFolder - File copied from source to destination
2019-03-12 16:49:25,211 [NonParallelWorker] INFO NUnitAutomationFramework.Framework.IO.FileAndFolder - Base Director: D:\Work\Projects\NUnitAutomationFramework\NUnitAutomationFramework\bin\Debug
2019-03-12 16:49:25,212 [NonParallelWorker] INFO NUnitAutomationFramework.Framework.IO.FileAndFolder - Base Director: D:\Work\Projects\NUnitAutomationFramework\NUnitAutomationFramework\bin\Debug
2019-03-12 16:49:25,212 [NonParallelWorker] INFO NUnitAutomationFramework.Framework.IO.FileAndFolder - Source File: D:\Work\Projects\NUnitAutomationFramework\NUnitAutomationFramework\DevTests\Resources\DevLocators.xlsx
2019-03-12 16:49:25,212 [NonParallelWorker] INFO NUnitAutomationFramework.Framework.IO.FileAndFolder - Destination File: D:\Work\Projects\NUnitAutomationFramework\NUnitAutomationFramework\bin\Debug\Resources\Resources\PageObject\DevLocators.xlsx
2019-03-12 16:49:25,214 [NonParallelWorker] INFO NUnitAutomationFramework.Framework.IO.FileAndFolder - File copied from source to destination
2019-03-12 16:49:25,215 [NonParallelWorker] INFO NUnitAutomationFramework.Framework.IO.FileAndFolder - Base Director: D:\Work\Projects\NUnitAutomationFramework\NUnitAutomationFramework\bin\Debug
2019-03-12 16:49:25,215 [NonParallelWorker] INFO NUnitAutomationFramework.Framework.PageElement - Execution directory is: D:\Work\Projects\NUnitAutomationFramework\NUnitAutomationFramework\bin\Debug
2019-03-12 16:49:25,216 [NonParallelWorker] INFO NUnitAutomationFramework.Framework.PageElement - New Path: D:\Work\Projects\NUnitAutomationFramework\NUnitAutomationFramework\bin\Debug\Resources
2019-03-12 16:49:25,216 [NonParallelWorker] INFO NUnitAutomationFramework.Framework.PageElement - New Path: D:\Work\Projects\NUnitAutomationFramework\NUnitAutomationFramework\bin\Debug\Resources\Resources
2019-03-12 16:49:25,216 [NonParallelWorker] INFO NUnitAutomationFramework.Framework.PageElement - New Path: D:\Work\Projects\NUnitAutomationFramework\NUnitAutomationFramework\bin\Debug\Resources\Resources\PageObject
2019-03-12 16:49:25,216 [NonParallelWorker] INFO NUnitAutomationFramework.Framework.IO.FileAndFolder - Base Director: D:\Work\Projects\NUnitAutomationFramework\NUnitAutomationFramework\bin\Debug
2019-03-12 16:49:25,216 [NonParallelWorker] INFO NUnitAutomationFramework.Framework.Configuration.ConfigurationReader - NUnitAutomationFramework.Framework.Configuration.ConfigurationReader Dir= D:\Work\Projects\NUnitAutomationFramework\NUnitAutomationFramework\bin\Debug
2019-03-12 16:49:25,217 [NonParallelWorker] INFO NUnitAutomationFramework.Framework.Spreadsheet.SpreadsheetUtility - Trying to load all abjedts from the file
2019-03-12 16:49:25,219 [NonParallelWorker] INFO NUnitAutomationFramework.Framework.Spreadsheet.SpreadsheetUtility - Current Sheet: Locators
2019-03-12 16:49:25,224 [NonParallelWorker] INFO NUnitAutomationFramework.Framework.PageElement - Name:firstName | By:Id | Query:Query  Added To the Collection
2019-03-12 16:49:25,224 [NonParallelWorker] INFO NUnitAutomationFramework.Framework.PageElement - Name:submit | By:Name | Query:Query  Added To the Collection
2019-03-12 16:49:25,224 [NonParallelWorker] INFO NUnitAutomationFramework.Framework.PageElement - Name:email | By:xpath | Query:Query  Added To the Collection
2019-03-12 16:49:25,245 [NonParallelWorker] INFO NUnitAutomationFramework.Framework.IO.FileAndFolder - Base Director: D:\Work\Projects\NUnitAutomationFramework\NUnitAutomationFramework\bin\Debug
2019-03-12 16:49:25,246 [NonParallelWorker] INFO NUnitAutomationFramework.Framework.IO.FileAndFolder - Base Director: D:\Work\Projects\NUnitAutomationFramework\NUnitAutomationFramework\bin\Debug
2019-03-12 16:49:25,246 [NonParallelWorker] INFO NUnitAutomationFramework.Framework.Configuration.ConfigurationReader - NUnitAutomationFramework.Framework.Configuration.ConfigurationReader Dir= D:\Work\Projects\NUnitAutomationFramework\NUnitAutomationFramework\bin\Debug
2019-03-12 16:49:25,247 [NonParallelWorker] INFO NUnitAutomationFramework.Framework.Configuration.ConfigurationReader - Reports folder full path selected: D:\Work\Projects\NUnitAutomationFramework\NUnitAutomationFramework\bin\Debug\Reports\Reports
2019-03-12 16:49:25,247 [NonParallelWorker] INFO NUnitAutomationFramework.Framework.IO.FileAndFolder - Source File: D:\Work\Projects\NUnitAutomationFramework\NUnitAutomationFramework\Reports\TestResult.xml
2019-03-12 16:49:25,247 [NonParallelWorker] INFO NUnitAutomationFramework.Framework.IO.FileAndFolder - Destination File: D:\Work\Projects\NUnitAutomationFramework\NUnitAutomationFramework\bin\Debug\Reports\Reports\TestResult.xml
2019-03-12 16:49:25,249 [NonParallelWorker] INFO NUnitAutomationFramework.Framework.IO.FileAndFolder - File copied from source to destination
